<?xml version="1.0" encoding="UTF-8"?>
<robot generator="Robot 3.1.2 (Python 3.6.4 on win32)" generated="20221223 05:22:58.627" rpa="false">
<suite id="s1" name="Timeout" source="C:\Users\prath\PycharmProjects\Automation\File2\timeout.robot">
<test id="s1-t1" name="wait_testing">
<kw name="Open Browser" library="SeleniumLibrary">
<doc>Opens a new browser instance to the given ``url``.</doc>
<arguments>
<arg>${url}</arg>
<arg>${browser}</arg>
</arguments>
<msg timestamp="20221223 05:22:59.011" level="INFO">Opening browser 'chrome' to base url 'http://demowebshop.tricentis.com/register'.</msg>
<status status="PASS" starttime="20221223 05:22:59.011" endtime="20221223 05:23:02.470"></status>
</kw>
<kw name="Maximize Browser Window" library="SeleniumLibrary">
<doc>Maximizes current browser window.</doc>
<status status="PASS" starttime="20221223 05:23:02.470" endtime="20221223 05:23:02.598"></status>
</kw>
<kw name="Click Element" library="SeleniumLibrary">
<doc>Click element identified by ``locator``.</doc>
<arguments>
<arg>xpath:/html/body/div[4]/div[1]/div[1]/div[2]/div[1]/ul/li[1]/a</arg>
</arguments>
<msg timestamp="20221223 05:23:02.598" level="INFO">Clicking element 'xpath:/html/body/div[4]/div[1]/div[1]/div[2]/div[1]/ul/li[1]/a'.</msg>
<status status="PASS" starttime="20221223 05:23:02.598" endtime="20221223 05:23:02.953"></status>
</kw>
<kw name="Select Radio Button" library="SeleniumLibrary">
<doc>Sets radio button group ``group_name`` to ``value``.</doc>
<arguments>
<arg>Gender</arg>
<arg>M</arg>
</arguments>
<msg timestamp="20221223 05:23:02.953" level="INFO">Selecting 'M' from radio button 'Gender'.</msg>
<status status="PASS" starttime="20221223 05:23:02.953" endtime="20221223 05:23:03.041"></status>
</kw>
<kw name="Get Selenium Timeout" library="SeleniumLibrary">
<doc>Gets the timeout that is used by various keywords.</doc>
<assign>
<var>${speed}</var>
</assign>
<msg timestamp="20221223 05:23:03.050" level="INFO">${speed} = 5 seconds</msg>
<status status="PASS" starttime="20221223 05:23:03.050" endtime="20221223 05:23:03.050"></status>
</kw>
<kw name="Log To Console" library="BuiltIn">
<doc>Logs the given message to the console.</doc>
<arguments>
<arg>${speed}</arg>
</arguments>
<status status="PASS" starttime="20221223 05:23:03.050" endtime="20221223 05:23:03.050"></status>
</kw>
<kw name="Input Text" library="SeleniumLibrary">
<doc>Types the given ``text`` into text field identified by ``locator``.</doc>
<arguments>
<arg>name:FirstName</arg>
<arg>Prathiba</arg>
</arguments>
<msg timestamp="20221223 05:23:03.050" level="INFO">Typing text 'Prathiba' into text field 'name:FirstName'.</msg>
<status status="PASS" starttime="20221223 05:23:03.050" endtime="20221223 05:23:03.186"></status>
</kw>
<kw name="Set Selenium Timeout" library="SeleniumLibrary">
<doc>Sets the timeout that is used by various keywords.</doc>
<arguments>
<arg>10 seconds</arg>
</arguments>
<status status="PASS" starttime="20221223 05:23:03.186" endtime="20221223 05:23:03.186"></status>
</kw>
<kw name="Input Text" library="SeleniumLibrary">
<doc>Types the given ``text`` into text field identified by ``locator``.</doc>
<arguments>
<arg>name:LastName</arg>
<arg>Murali</arg>
</arguments>
<msg timestamp="20221223 05:23:03.186" level="INFO">Typing text 'Murali' into text field 'name:LastName'.</msg>
<status status="PASS" starttime="20221223 05:23:03.186" endtime="20221223 05:23:03.290"></status>
</kw>
<kw name="Input Text" library="SeleniumLibrary">
<doc>Types the given ``text`` into text field identified by ``locator``.</doc>
<arguments>
<arg>name:Email</arg>
<arg>prathiba.m2012@gmail.com</arg>
</arguments>
<msg timestamp="20221223 05:23:03.290" level="INFO">Typing text 'prathiba.m2012@gmail.com' into text field 'name:Email'.</msg>
<status status="PASS" starttime="20221223 05:23:03.290" endtime="20221223 05:23:03.427"></status>
</kw>
<kw name="Input Text" library="SeleniumLibrary">
<doc>Types the given ``text`` into text field identified by ``locator``.</doc>
<arguments>
<arg>name:Password</arg>
<arg>Tinku</arg>
</arguments>
<msg timestamp="20221223 05:23:03.427" level="INFO">Typing text 'Tinku' into text field 'name:Password'.</msg>
<status status="PASS" starttime="20221223 05:23:03.427" endtime="20221223 05:23:03.547"></status>
</kw>
<kw name="Input Text" library="SeleniumLibrary">
<doc>Types the given ``text`` into text field identified by ``locator``.</doc>
<arguments>
<arg>name:ConfirmPassword</arg>
<arg>Tinku</arg>
</arguments>
<msg timestamp="20221223 05:23:03.547" level="INFO">Typing text 'Tinku' into text field 'name:ConfirmPassword'.</msg>
<status status="PASS" starttime="20221223 05:23:03.547" endtime="20221223 05:23:03.676"></status>
</kw>
<kw name="Close All Browsers" library="SeleniumLibrary">
<doc>Closes all open browsers and resets the browser cache.</doc>
<status status="PASS" starttime="20221223 05:23:03.676" endtime="20221223 05:23:05.841"></status>
</kw>
<status status="PASS" starttime="20221223 05:22:59.011" endtime="20221223 05:23:05.841" critical="yes"></status>
</test>
<status status="PASS" starttime="20221223 05:22:58.635" endtime="20221223 05:23:05.841"></status>
</suite>
<statistics>
<total>
<stat pass="1" fail="0">Critical Tests</stat>
<stat pass="1" fail="0">All Tests</stat>
</total>
<tag>
</tag>
<suite>
<stat pass="1" fail="0" id="s1" name="Timeout">Timeout</stat>
</suite>
</statistics>
<errors>
</errors>
</robot>
